\BOOKMARK [0][-]{chapter.1}{A fun\347\343o de um computador}{}% 1
\BOOKMARK [1][-]{section.1.1}{Um sistema computacional t\355pico}{chapter.1}% 2
\BOOKMARK [1][-]{section.1.2}{A arquitetura de uma CPU}{chapter.1}% 3
\BOOKMARK [2][-]{subsection.1.2.1}{Registradores de prop\363sito geral \(GPRs\)}{section.1.2}% 4
\BOOKMARK [2][-]{subsection.1.2.2}{Contador de programa \(PC\)}{section.1.2}% 5
\BOOKMARK [2][-]{subsection.1.2.3}{Registrador de endere\347o}{section.1.2}% 6
\BOOKMARK [2][-]{subsection.1.2.4}{Unidade l\363gica e aritm\351tica}{section.1.2}% 7
\BOOKMARK [2][-]{subsection.1.2.5}{Decodifica\347\343o de instru\347\365es e unidade de controle}{section.1.2}% 8
\BOOKMARK [1][-]{section.1.3}{Opera\347\343o de um processador}{chapter.1}% 9
\BOOKMARK [2][-]{subsection.1.3.1}{Busca e execu\347\343o de instru\347\343o}{section.1.3}% 10
\BOOKMARK [2][-]{subsection.1.3.2}{Acessos adicionais \340 mem\363ria}{section.1.3}% 11
\BOOKMARK [0][-]{chapter.2}{A arquitetura TRM}{}% 12
\BOOKMARK [1][-]{section.2.1}{Registradores}{chapter.2}% 13
\BOOKMARK [1][-]{section.2.2}{Formato de instru\347\365es}{chapter.2}% 14
\BOOKMARK [2][-]{subsection.2.2.1}{Instru\347\365es regulares}{section.2.2}% 15
\BOOKMARK [2][-]{subsection.2.2.2}{Instru\347\365es com campo imediato}{section.2.2}% 16
\BOOKMARK [1][-]{section.2.3}{O conjunto de instru\347\365es}{chapter.2}% 17
\BOOKMARK [2][-]{subsection.2.3.1}{L\363gica e aritm\351tica}{section.2.3}% 18
\BOOKMARK [2][-]{subsection.2.3.2}{Compara\347\343o}{section.2.3}% 19
\BOOKMARK [2][-]{subsection.2.3.3}{Deslocamento}{section.2.3}% 20
\BOOKMARK [2][-]{subsection.2.3.4}{Transfer\352ncia de dados}{section.2.3}% 21
\BOOKMARK [2][-]{subsection.2.3.5}{Transfer\352ncia de controle}{section.2.3}% 22
\BOOKMARK [1][-]{section.2.4}{Modos de endere\347amento}{chapter.2}% 23
\BOOKMARK [2][-]{subsection.2.4.1}{Registrador}{section.2.4}% 24
\BOOKMARK [2][-]{subsection.2.4.2}{Registrador com imediato}{section.2.4}% 25
\BOOKMARK [2][-]{subsection.2.4.3}{Indireto a registrador \(base\)}{section.2.4}% 26
\BOOKMARK [2][-]{subsection.2.4.4}{Indireto a registrador com deslocamento \(base + deslocamento\)}{section.2.4}% 27
\BOOKMARK [0][-]{chapter.3}{Linguagem de montagem}{}% 28
\BOOKMARK [1][-]{section.3.1}{Sintaxe}{chapter.3}% 29
\BOOKMARK [2][-]{subsection.3.1.1}{Coment\341rios}{section.3.1}% 30
\BOOKMARK [2][-]{subsection.3.1.2}{Endere\347os}{section.3.1}% 31
\BOOKMARK [2][-]{subsection.3.1.3}{Refer\352ncias \(s\355mbolos\)}{section.3.1}% 32
\BOOKMARK [2][-]{subsection.3.1.4}{Instru\347\365es}{section.3.1}% 33
\BOOKMARK [2][-]{subsection.3.1.5}{Vari\341veis}{section.3.1}% 34
\BOOKMARK [2][-]{subsection.3.1.6}{Arranjos}{section.3.1}% 35
\BOOKMARK [2][-]{subsection.3.1.7}{C\363digo objeto e desmontagem do programa}{section.3.1}% 36
\BOOKMARK [1][-]{section.3.2}{Exemplos}{chapter.3}% 37
\BOOKMARK [2][-]{subsection.3.2.1}{Inicializa\347\343o de registradores}{section.3.2}% 38
\BOOKMARK [2][-]{subsection.3.2.2}{Complemento e invers\343o de sinal}{section.3.2}% 39
\BOOKMARK [2][-]{subsection.3.2.3}{Controle de fluxo}{section.3.2}% 40
\BOOKMARK [2][-]{subsection.3.2.4}{Vari\341veis e arranjos}{section.3.2}% 41
\BOOKMARK [2][-]{subsection.3.2.5}{A pilha}{section.3.2}% 42
\BOOKMARK [2][-]{subsection.3.2.6}{Ponteiro de quadro}{section.3.2}% 43
\BOOKMARK [2][-]{subsection.3.2.7}{Conven\347\365es para chamadas de fun\347\343o}{section.3.2}% 44
\BOOKMARK [2][-]{subsection.3.2.8}{Fun\347\365es aritm\351ticas}{section.3.2}% 45
\BOOKMARK [0][-]{chapter.4}{Ferramenta de montagem e simula\347\343o}{}% 46
\BOOKMARK [1][-]{section.4.1}{Exemplos}{chapter.4}% 47
\BOOKMARK [1][-]{section.4.2}{Compila\347\343o da ferramenta}{chapter.4}% 48
\BOOKMARK [1][-]{section.4.3}{Montagem}{chapter.4}% 49
\BOOKMARK [1][-]{section.4.4}{Simula\347\343o}{chapter.4}% 50
\BOOKMARK [1][-]{section.4.5}{Modo combinado \(montagem e simula\347\343o, linha de comando\)}{chapter.4}% 51
\BOOKMARK [1][-]{section.4.6}{Modo depura\347\343o \(linha de comando\)}{chapter.4}% 52
\BOOKMARK [1][-]{section.4.7}{Servi\347os do simulador}{chapter.4}% 53
